app/build/outputs/logs/manifest-merger-debug-report.txt
-- Merging decision tree log ---
manifest
ADDED from AndroidManifest.xml:1:1
	xmlns:android
		ADDED from AndroidManifest.xml:1:11
	package
		ADDED from AndroidManifest.xml:2:5
		INJECTED from AndroidManifest.xml:0:0
		INJECTED from AndroidManifest.xml:0:0
	android:versionName
		ADDED from AndroidManifest.xml:4:5
	android:versionCode
		ADDED from AndroidManifest.xml:3:5
		INJECTED from AndroidManifest.xml:0:0
		INJECTED from AndroidManifest.xml:0:0
uses-sdk
ADDED from AndroidManifest.xml:6:5
MERGED from com.android.support:support-v4:20.0.0:16:5
	android:targetSdkVersion
		ADDED from AndroidManifest.xml:8:9
		INJECTED from AndroidManifest.xml:0:0
		INJECTED from AndroidManifest.xml:0:0
	android:minSdkVersion
		ADDED from AndroidManifest.xml:7:9
		INJECTED from AndroidManifest.xml:0:0
		INJECTED from AndroidManifest.xml:0:0
application
ADDED from AndroidManifest.xml:10:5
MERGED from com.android.support:support-v4:20.0.0:17:5
	android:label
		ADDED from AndroidManifest.xml:10:45
	android:allowBackup
		ADDED from AndroidManifest.xml:10:18
service#com.example.hcilboard.hcilboard
ADDED from AndroidManifest.xml:11:9
	android:permission
		ADDED from AndroidManifest.xml:13:13
	android:name
		ADDED from AndroidManifest.xml:12:13
intent-filter#android.view.InputMethod
ADDED from AndroidManifest.xml:14:13
action#android.view.InputMethod
ADDED from AndroidManifest.xml:15:17
	android:name
		ADDED from AndroidManifest.xml:15:25
meta-data#android.view.im
ADDED from AndroidManifest.xml:18:13
	android:resource
		ADDED from AndroidManifest.xml:20:17
	android:name
		ADDED from AndroidManifest.xml:19:17